<?xml version="1.0" encoding="UTF-8"?>
<testsuite xmlns:xsi="http://www.w3.org/2001/XMLSchema-instance" xsi:noNamespaceSchemaLocation="https://maven.apache.org/surefire/maven-surefire-plugin/xsd/surefire-test-report.xsd" name="hex.board.cell.CellTest" time="0.126" tests="12" errors="0" skipped="0" failures="0">
  <properties>
    <property name="java.specification.version" value="17"/>
    <property name="sun.cpu.isalist" value="amd64"/>
    <property name="sun.jnu.encoding" value="Cp1252"/>
    <property name="java.class.path" value="C:\Users\makic\OneDrive\Bureau\folder\INFO\MASTER\SEMESTRE 2\TDJ\Hexagonia\hex\target\test-classes;C:\Users\makic\OneDrive\Bureau\folder\INFO\MASTER\SEMESTRE 2\TDJ\Hexagonia\hex\target\classes;C:\Users\makic\.m2\repository\org\junit\jupiter\junit-jupiter-engine\5.8.2\junit-jupiter-engine-5.8.2.jar;C:\Users\makic\.m2\repository\org\junit\platform\junit-platform-engine\1.8.2\junit-platform-engine-1.8.2.jar;C:\Users\makic\.m2\repository\org\opentest4j\opentest4j\1.2.0\opentest4j-1.2.0.jar;C:\Users\makic\.m2\repository\org\junit\platform\junit-platform-commons\1.8.2\junit-platform-commons-1.8.2.jar;C:\Users\makic\.m2\repository\org\junit\jupiter\junit-jupiter-api\5.8.2\junit-jupiter-api-5.8.2.jar;C:\Users\makic\.m2\repository\org\apiguardian\apiguardian-api\1.1.2\apiguardian-api-1.1.2.jar;C:\Users\makic\.m2\repository\org\assertj\assertj-core\3.22.0\assertj-core-3.22.0.jar;"/>
    <property name="java.vm.vendor" value="Oracle Corporation"/>
    <property name="sun.arch.data.model" value="64"/>
    <property name="user.variant" value=""/>
    <property name="java.vendor.url" value="https://java.oracle.com/"/>
    <property name="user.timezone" value="Europe/Paris"/>
    <property name="os.name" value="Windows 10"/>
    <property name="java.vm.specification.version" value="17"/>
    <property name="sun.java.launcher" value="SUN_STANDARD"/>
    <property name="user.country" value="FR"/>
    <property name="sun.boot.library.path" value="C:\Program Files\Java\jdk-17.0.1\bin"/>
    <property name="sun.java.command" value="C:\Users\makic\AppData\Local\Temp\surefire9585120987069170907\surefirebooter5745155793946725525.jar C:\Users\makic\AppData\Local\Temp\surefire9585120987069170907 2024-03-16T01-14-52_742-jvmRun1 surefire17351800393786639938tmp surefire_013554230026785543469tmp"/>
    <property name="jdk.debug" value="release"/>
    <property name="surefire.test.class.path" value="C:\Users\makic\OneDrive\Bureau\folder\INFO\MASTER\SEMESTRE 2\TDJ\Hexagonia\hex\target\test-classes;C:\Users\makic\OneDrive\Bureau\folder\INFO\MASTER\SEMESTRE 2\TDJ\Hexagonia\hex\target\classes;C:\Users\makic\.m2\repository\org\junit\jupiter\junit-jupiter-engine\5.8.2\junit-jupiter-engine-5.8.2.jar;C:\Users\makic\.m2\repository\org\junit\platform\junit-platform-engine\1.8.2\junit-platform-engine-1.8.2.jar;C:\Users\makic\.m2\repository\org\opentest4j\opentest4j\1.2.0\opentest4j-1.2.0.jar;C:\Users\makic\.m2\repository\org\junit\platform\junit-platform-commons\1.8.2\junit-platform-commons-1.8.2.jar;C:\Users\makic\.m2\repository\org\junit\jupiter\junit-jupiter-api\5.8.2\junit-jupiter-api-5.8.2.jar;C:\Users\makic\.m2\repository\org\apiguardian\apiguardian-api\1.1.2\apiguardian-api-1.1.2.jar;C:\Users\makic\.m2\repository\org\assertj\assertj-core\3.22.0\assertj-core-3.22.0.jar;"/>
    <property name="sun.cpu.endian" value="little"/>
    <property name="user.home" value="C:\Users\makic"/>
    <property name="user.language" value="fr"/>
    <property name="java.specification.vendor" value="Oracle Corporation"/>
    <property name="java.version.date" value="2021-10-19"/>
    <property name="java.home" value="C:\Program Files\Java\jdk-17.0.1"/>
    <property name="file.separator" value="\"/>
    <property name="basedir" value="C:\Users\makic\OneDrive\Bureau\folder\INFO\MASTER\SEMESTRE 2\TDJ\Hexagonia\hex"/>
    <property name="java.vm.compressedOopsMode" value="Zero based"/>
    <property name="line.separator" value="&#10;"/>
    <property name="java.vm.specification.vendor" value="Oracle Corporation"/>
    <property name="java.specification.name" value="Java Platform API Specification"/>
    <property name="surefire.real.class.path" value="C:\Users\makic\AppData\Local\Temp\surefire9585120987069170907\surefirebooter5745155793946725525.jar"/>
    <property name="user.script" value=""/>
    <property name="sun.management.compiler" value="HotSpot 64-Bit Tiered Compilers"/>
    <property name="java.runtime.version" value="17.0.1+12-LTS-39"/>
    <property name="user.name" value="makic"/>
    <property name="path.separator" value=";"/>
    <property name="os.version" value="10.0"/>
    <property name="java.runtime.name" value="Java(TM) SE Runtime Environment"/>
    <property name="file.encoding" value="Cp1252"/>
    <property name="java.vm.name" value="Java HotSpot(TM) 64-Bit Server VM"/>
    <property name="localRepository" value="C:\Users\makic\.m2\repository"/>
    <property name="java.vendor.url.bug" value="https://bugreport.java.com/bugreport/"/>
    <property name="java.io.tmpdir" value="C:\Users\makic\AppData\Local\Temp\"/>
    <property name="idea.version" value="2023.3.3"/>
    <property name="java.version" value="17.0.1"/>
    <property name="user.dir" value="C:\Users\makic\OneDrive\Bureau\folder\INFO\MASTER\SEMESTRE 2\TDJ\Hexagonia\hex"/>
    <property name="os.arch" value="amd64"/>
    <property name="java.vm.specification.name" value="Java Virtual Machine Specification"/>
    <property name="sun.os.patch.level" value=""/>
    <property name="native.encoding" value="Cp1252"/>
    <property name="java.library.path" value="C:\Program Files\Java\jdk-17.0.1\bin;C:\WINDOWS\Sun\Java\bin;C:\WINDOWS\system32;C:\WINDOWS;C:\Program Files\AdoptOpenJDK\jdk-11.0.10.9-hotspot\bin;C:\Program Files\AdoptOpenJDK\jdk-8.0.282.8-hotspot\bin;C:\OCaml64\home\makic\.opam\4.14.0+mingw64c\bin;C:\Program Files\Java\jdk1.8.0_281\bin;C:\Program Files (x86)\GnuWin32\bin;C:\OCaml64\bin;C:\MinGW\bin;C:\kotlinc\bin;C:\Program Files (x86)\Common Files\Oracle\Java\javapath;C:\Program Files\Common Files\Oracle\Java\javapath;C:\WINDOWS\system32;C:\WINDOWS;C:\WINDOWS\System32\Wbem;C:\WINDOWS\System32\WindowsPowerShell\v1.0\;C:\WINDOWS\System32\OpenSSH\;C:\Program Files\Docker\Docker\resources\bin;C:\Users\makic\AppData\Local\Programs\Python\Launcher\;C:\Users\makic\AppData\Local\Microsoft\WindowsApps;C:\Users\makic\AppData\Local\Programs\Microsoft VS Code\bin;C:\WAMP\php-7.4.13;C:\Program Files\Java\jdk1.8.0_281\bin;C:\WAMPAPP\mysql\bin;C:\Program Files\Java\jdk-17.0.1\bin;C:\Program Files\JetBrains\IntelliJ IDEA 2023.3.2\bin;;C:\Users\makic\Downloads\apache-maven-3.9.6\bin;."/>
    <property name="java.vm.info" value="mixed mode, sharing"/>
    <property name="java.vendor" value="Oracle Corporation"/>
    <property name="java.vm.version" value="17.0.1+12-LTS-39"/>
    <property name="sun.io.unicode.encoding" value="UnicodeLittle"/>
    <property name="java.class.version" value="61.0"/>
  </properties>
  <testcase name="shouldSetCellOnDirWithNotCorrectDir" classname="hex.board.cell.CellTest" time="0.078"/>
  <testcase name="shouldGetCellOnDirWhenIsInexistantDirection" classname="hex.board.cell.CellTest" time="0.003"/>
  <testcase name="shouldCopyCell" classname="hex.board.cell.CellTest" time="0.006"/>
  <testcase name="shouldCreateInvalidCell" classname="hex.board.cell.CellTest" time="0.004"/>
  <testcase name="shouldSetValidState" classname="hex.board.cell.CellTest" time="0"/>
  <testcase name="shouldSetCellOnDirWithNotCorrectCell" classname="hex.board.cell.CellTest" time="0.009"/>
  <testcase name="shouldGetCellOnDirWhenIsNull" classname="hex.board.cell.CellTest" time="0"/>
  <testcase name="shouldSetCellOnDirWithSameCell" classname="hex.board.cell.CellTest" time="0"/>
  <testcase name="shouldCreateValidCell" classname="hex.board.cell.CellTest" time="0"/>
  <testcase name="shouldSetCellOnDirWithCorrect" classname="hex.board.cell.CellTest" time="0"/>
  <testcase name="shouldSetCellOnDirWhenDirectionIsNull" classname="hex.board.cell.CellTest" time="0.002"/>
  <testcase name="shouldSetInvalidState" classname="hex.board.cell.CellTest" time="0.002"/>
</testsuite>